<?xml version="1.0" encoding="UTF-8"?>
<testsuite name="chuchu.runnerway.RunnerwayApplicationTests" tests="1" skipped="0" failures="0" errors="0" timestamp="2024-09-11T00:05:14" hostname="DESKTOP-6ABJ64L" time="0.301">
  <properties/>
  <testcase name="contextLoads()" classname="chuchu.runnerway.RunnerwayApplicationTests" time="0.301"/>
  <system-out><![CDATA[09:05:11.235 [Test worker] INFO org.springframework.test.context.support.AnnotationConfigContextLoaderUtils -- Could not detect default configuration classes for test class [chuchu.runnerway.RunnerwayApplicationTests]: RunnerwayApplicationTests does not declare any static, non-private, non-final, nested classes annotated with @Configuration.
09:05:11.311 [Test worker] INFO org.springframework.boot.test.context.SpringBootTestContextBootstrapper -- Found @SpringBootConfiguration chuchu.runnerway.RunnerwayApplication for test class chuchu.runnerway.RunnerwayApplicationTests

  .   ____          _            __ _ _
 /\\ / ___'_ __ _ _(_)_ __  __ _ \ \ \ \
( ( )\___ | '_ | '_| | '_ \/ _` | \ \ \ \
 \\/  ___)| |_)| | | | | || (_| |  ) ) ) )
  '  |____| .__|_| |_|_| |_\__, | / / / /
 =========|_|==============|___/=/_/_/_/

 :: Spring Boot ::                (v3.3.3)

2024-09-11T09:05:11.611+09:00  INFO 18396 --- [    Test worker] c.runnerway.RunnerwayApplicationTests    : Starting RunnerwayApplicationTests using Java 17.0.11 with PID 18396 (started by SSAFY in C:\Users\SSAFY\Desktop\프로젝트\특화 프로젝트\S11P21B304\BackEnd)
2024-09-11T09:05:11.612+09:00  INFO 18396 --- [    Test worker] c.runnerway.RunnerwayApplicationTests    : The following 1 profile is active: "key"
2024-09-11T09:05:12.071+09:00  INFO 18396 --- [    Test worker] .s.d.r.c.RepositoryConfigurationDelegate : Bootstrapping Spring Data JPA repositories in DEFAULT mode.
2024-09-11T09:05:12.118+09:00  INFO 18396 --- [    Test worker] .s.d.r.c.RepositoryConfigurationDelegate : Finished Spring Data repository scanning in 41 ms. Found 1 JPA repository interface.
2024-09-11T09:05:12.469+09:00  INFO 18396 --- [    Test worker] o.hibernate.jpa.internal.util.LogHelper  : HHH000204: Processing PersistenceUnitInfo [name: default]
2024-09-11T09:05:12.514+09:00  INFO 18396 --- [    Test worker] org.hibernate.Version                    : HHH000412: Hibernate ORM core version 6.5.2.Final
2024-09-11T09:05:12.548+09:00  INFO 18396 --- [    Test worker] o.h.c.internal.RegionFactoryInitiator    : HHH000026: Second-level cache disabled
2024-09-11T09:05:12.778+09:00  INFO 18396 --- [    Test worker] o.s.o.j.p.SpringPersistenceUnitInfo      : No LoadTimeWeaver setup: ignoring JPA class transformer
2024-09-11T09:05:12.798+09:00  INFO 18396 --- [    Test worker] com.zaxxer.hikari.HikariDataSource       : HikariPool-1 - Starting...
2024-09-11T09:05:13.184+09:00  INFO 18396 --- [    Test worker] com.zaxxer.hikari.pool.HikariPool        : HikariPool-1 - Added connection com.mysql.cj.jdbc.ConnectionImpl@9cc0505
2024-09-11T09:05:13.184+09:00  INFO 18396 --- [    Test worker] com.zaxxer.hikari.HikariDataSource       : HikariPool-1 - Start completed.
2024-09-11T09:05:13.863+09:00  INFO 18396 --- [    Test worker] o.h.e.t.j.p.i.JtaPlatformInitiator       : HHH000489: No JTA platform available (set 'hibernate.transaction.jta.platform' to enable JTA platform integration)
2024-09-11T09:05:13.865+09:00  INFO 18396 --- [    Test worker] j.LocalContainerEntityManagerFactoryBean : Initialized JPA EntityManagerFactory for persistence unit 'default'
2024-09-11T09:05:14.044+09:00  INFO 18396 --- [    Test worker] o.s.d.j.r.query.QueryEnhancerFactory     : Hibernate is in classpath; If applicable, HQL parser will be used.
2024-09-11T09:05:14.467+09:00  WARN 18396 --- [    Test worker] .s.s.UserDetailsServiceAutoConfiguration : 

Using generated security password: 3c5ca4dd-7178-4d32-982e-badf23990ed9

This generated password is for development use only. Your security configuration must be updated before running your application in production.

2024-09-11T09:05:14.480+09:00  INFO 18396 --- [    Test worker] r$InitializeUserDetailsManagerConfigurer : Global AuthenticationManager configured with UserDetailsService bean with name inMemoryUserDetailsManager
2024-09-11T09:05:14.600+09:00  INFO 18396 --- [    Test worker] c.runnerway.RunnerwayApplicationTests    : Started RunnerwayApplicationTests in 3.173 seconds (process running for 3.995)
]]></system-out>
  <system-err><![CDATA[]]></system-err>
</testsuite>
